<?xml version="1.0" encoding="UTF-8"?>
<!-- Generated by org.testng.reporters.JUnitXMLReporter -->
<testsuite hostname="Charanjits-MacBook-Pro.local" ignored="0" name="Default test" tests="20" failures="0" timestamp="12 Jan 2018 23:32:05 GMT" time="29.674" errors="0">
  <testcase name="Setup" time="2.734" classname="newpackage.Onboarding"/>
  <testcase name="fname" time="0.117" classname="newpackage.Onboarding"/>
  <testcase name="lname" time="0.075" classname="newpackage.Onboarding"/>
  <testcase name="Dob" time="0.077" classname="newpackage.Onboarding"/>
  <testcase name="nextbutton" time="1.885" classname="newpackage.Onboarding"/>
  <testcase name="inputsid" time="0.059" classname="newpackage.Onboarding"/>
  <testcase name="clicknext" time="1.903" classname="newpackage.Onboarding"/>
  <testcase name="profilename" time="0.067" classname="newpackage.Onboarding"/>
  <testcase name="email" time="0.096" classname="newpackage.Onboarding"/>
  <testcase name="password" time="0.073" classname="newpackage.Onboarding"/>
  <testcase name="confirmpassword" time="0.071" classname="newpackage.Onboarding"/>
  <testcase name="addressl1" time="0.081" classname="newpackage.Onboarding"/>
  <testcase name="addressl2" time="0.061" classname="newpackage.Onboarding"/>
  <testcase name="state" time="0.137" classname="newpackage.Onboarding"/>
  <testcase name="city" time="0.069" classname="newpackage.Onboarding"/>
  <testcase name="zipcode" time="0.06" classname="newpackage.Onboarding"/>
  <testcase name="phone" time="0.085" classname="newpackage.Onboarding"/>
  <testcase name="Nextbutton" time="1.821" classname="newpackage.Onboarding"/>
  <testcase name="Geneticsconsent" time="0.058" classname="newpackage.Onboarding"/>
  <testcase name="Policyconsent" time="0.057" classname="newpackage.Onboarding"/>
</testsuite> <!-- Default test -->
